<?xml version="1.0" encoding="UTF-8"?>
<testsuite xmlns:xsi="http://www.w3.org/2001/XMLSchema-instance" xsi:noNamespaceSchemaLocation="https://maven.apache.org/surefire/maven-surefire-plugin/xsd/surefire-test-report.xsd" name="com.example.sample.ApplicationTests" time="0.023" tests="1" errors="0" skipped="0" failures="0">
  <properties>
    <property name="java.specification.version" value="17"/>
    <property name="sun.jnu.encoding" value="UTF-8"/>
    <property name="java.class.path" value="/home/paulo-fernandes/Documents/github/desafio-microservicos/stocks_api/target/test-classes:/home/paulo-fernandes/Documents/github/desafio-microservicos/stocks_api/target/classes:/home/paulo-fernandes/.m2/repository/org/springframework/boot/spring-boot-starter-validation/2.6.1/spring-boot-starter-validation-2.6.1.jar:/home/paulo-fernandes/.m2/repository/org/springframework/boot/spring-boot-starter/2.6.1/spring-boot-starter-2.6.1.jar:/home/paulo-fernandes/.m2/repository/org/springframework/boot/spring-boot/2.6.1/spring-boot-2.6.1.jar:/home/paulo-fernandes/.m2/repository/org/springframework/boot/spring-boot-autoconfigure/2.6.1/spring-boot-autoconfigure-2.6.1.jar:/home/paulo-fernandes/.m2/repository/org/springframework/boot/spring-boot-starter-logging/2.6.1/spring-boot-starter-logging-2.6.1.jar:/home/paulo-fernandes/.m2/repository/ch/qos/logback/logback-classic/1.2.7/logback-classic-1.2.7.jar:/home/paulo-fernandes/.m2/repository/ch/qos/logback/logback-core/1.2.7/logback-core-1.2.7.jar:/home/paulo-fernandes/.m2/repository/org/apache/logging/log4j/log4j-to-slf4j/2.14.1/log4j-to-slf4j-2.14.1.jar:/home/paulo-fernandes/.m2/repository/org/apache/logging/log4j/log4j-api/2.14.1/log4j-api-2.14.1.jar:/home/paulo-fernandes/.m2/repository/org/slf4j/jul-to-slf4j/1.7.32/jul-to-slf4j-1.7.32.jar:/home/paulo-fernandes/.m2/repository/jakarta/annotation/jakarta.annotation-api/1.3.5/jakarta.annotation-api-1.3.5.jar:/home/paulo-fernandes/.m2/repository/org/yaml/snakeyaml/1.29/snakeyaml-1.29.jar:/home/paulo-fernandes/.m2/repository/org/apache/tomcat/embed/tomcat-embed-el/9.0.55/tomcat-embed-el-9.0.55.jar:/home/paulo-fernandes/.m2/repository/org/hibernate/validator/hibernate-validator/6.2.0.Final/hibernate-validator-6.2.0.Final.jar:/home/paulo-fernandes/.m2/repository/jakarta/validation/jakarta.validation-api/2.0.2/jakarta.validation-api-2.0.2.jar:/home/paulo-fernandes/.m2/repository/org/jboss/logging/jboss-logging/3.4.2.Final/jboss-logging-3.4.2.Final.jar:/home/paulo-fernandes/.m2/repository/com/fasterxml/classmate/1.5.1/classmate-1.5.1.jar:/home/paulo-fernandes/.m2/repository/org/springframework/boot/spring-boot-starter-web/2.6.1/spring-boot-starter-web-2.6.1.jar:/home/paulo-fernandes/.m2/repository/org/springframework/boot/spring-boot-starter-json/2.6.1/spring-boot-starter-json-2.6.1.jar:/home/paulo-fernandes/.m2/repository/com/fasterxml/jackson/core/jackson-databind/2.13.0/jackson-databind-2.13.0.jar:/home/paulo-fernandes/.m2/repository/com/fasterxml/jackson/core/jackson-annotations/2.13.0/jackson-annotations-2.13.0.jar:/home/paulo-fernandes/.m2/repository/com/fasterxml/jackson/core/jackson-core/2.13.0/jackson-core-2.13.0.jar:/home/paulo-fernandes/.m2/repository/com/fasterxml/jackson/datatype/jackson-datatype-jdk8/2.13.0/jackson-datatype-jdk8-2.13.0.jar:/home/paulo-fernandes/.m2/repository/com/fasterxml/jackson/datatype/jackson-datatype-jsr310/2.13.0/jackson-datatype-jsr310-2.13.0.jar:/home/paulo-fernandes/.m2/repository/com/fasterxml/jackson/module/jackson-module-parameter-names/2.13.0/jackson-module-parameter-names-2.13.0.jar:/home/paulo-fernandes/.m2/repository/org/springframework/boot/spring-boot-starter-tomcat/2.6.1/spring-boot-starter-tomcat-2.6.1.jar:/home/paulo-fernandes/.m2/repository/org/apache/tomcat/embed/tomcat-embed-core/9.0.55/tomcat-embed-core-9.0.55.jar:/home/paulo-fernandes/.m2/repository/org/apache/tomcat/embed/tomcat-embed-websocket/9.0.55/tomcat-embed-websocket-9.0.55.jar:/home/paulo-fernandes/.m2/repository/org/springframework/spring-web/5.3.13/spring-web-5.3.13.jar:/home/paulo-fernandes/.m2/repository/org/springframework/spring-beans/5.3.13/spring-beans-5.3.13.jar:/home/paulo-fernandes/.m2/repository/org/springframework/spring-webmvc/5.3.13/spring-webmvc-5.3.13.jar:/home/paulo-fernandes/.m2/repository/org/springframework/spring-context/5.3.13/spring-context-5.3.13.jar:/home/paulo-fernandes/.m2/repository/org/springframework/spring-expression/5.3.13/spring-expression-5.3.13.jar:/home/paulo-fernandes/.m2/repository/com/okta/spring/okta-spring-boot-starter/2.1.4/okta-spring-boot-starter-2.1.4.jar:/home/paulo-fernandes/.m2/repository/com/okta/spring/okta-spring-security-oauth2/2.1.4/okta-spring-security-oauth2-2.1.4.jar:/home/paulo-fernandes/.m2/repository/javax/validation/validation-api/2.0.1.Final/validation-api-2.0.1.Final.jar:/home/paulo-fernandes/.m2/repository/com/okta/commons/okta-config-check/1.3.0/okta-config-check-1.3.0.jar:/home/paulo-fernandes/.m2/repository/com/okta/commons/okta-commons-lang/1.3.0/okta-commons-lang-1.3.0.jar:/home/paulo-fernandes/.m2/repository/org/springframework/security/spring-security-oauth2-client/5.6.0/spring-security-oauth2-client-5.6.0.jar:/home/paulo-fernandes/.m2/repository/org/springframework/security/spring-security-oauth2-core/5.6.0/spring-security-oauth2-core-5.6.0.jar:/home/paulo-fernandes/.m2/repository/com/nimbusds/oauth2-oidc-sdk/9.19/oauth2-oidc-sdk-9.19.jar:/home/paulo-fernandes/.m2/repository/com/github/stephenc/jcip/jcip-annotations/1.0-1/jcip-annotations-1.0-1.jar:/home/paulo-fernandes/.m2/repository/com/nimbusds/content-type/2.1/content-type-2.1.jar:/home/paulo-fernandes/.m2/repository/com/nimbusds/lang-tag/1.5/lang-tag-1.5.jar:/home/paulo-fernandes/.m2/repository/org/springframework/security/spring-security-oauth2-jose/5.6.0/spring-security-oauth2-jose-5.6.0.jar:/home/paulo-fernandes/.m2/repository/com/nimbusds/nimbus-jose-jwt/9.14/nimbus-jose-jwt-9.14.jar:/home/paulo-fernandes/.m2/repository/org/springframework/security/spring-security-oauth2-resource-server/5.6.0/spring-security-oauth2-resource-server-5.6.0.jar:/home/paulo-fernandes/.m2/repository/com/okta/spring/okta-spring-sdk/2.1.4/okta-spring-sdk-2.1.4.jar:/home/paulo-fernandes/.m2/repository/org/springframework/boot/spring-boot-starter-test/2.6.1/spring-boot-starter-test-2.6.1.jar:/home/paulo-fernandes/.m2/repository/org/springframework/boot/spring-boot-test/2.6.1/spring-boot-test-2.6.1.jar:/home/paulo-fernandes/.m2/repository/org/springframework/boot/spring-boot-test-autoconfigure/2.6.1/spring-boot-test-autoconfigure-2.6.1.jar:/home/paulo-fernandes/.m2/repository/com/jayway/jsonpath/json-path/2.6.0/json-path-2.6.0.jar:/home/paulo-fernandes/.m2/repository/net/minidev/json-smart/2.4.7/json-smart-2.4.7.jar:/home/paulo-fernandes/.m2/repository/net/minidev/accessors-smart/2.4.7/accessors-smart-2.4.7.jar:/home/paulo-fernandes/.m2/repository/org/ow2/asm/asm/9.1/asm-9.1.jar:/home/paulo-fernandes/.m2/repository/org/slf4j/slf4j-api/1.7.32/slf4j-api-1.7.32.jar:/home/paulo-fernandes/.m2/repository/jakarta/xml/bind/jakarta.xml.bind-api/2.3.3/jakarta.xml.bind-api-2.3.3.jar:/home/paulo-fernandes/.m2/repository/jakarta/activation/jakarta.activation-api/1.2.2/jakarta.activation-api-1.2.2.jar:/home/paulo-fernandes/.m2/repository/org/assertj/assertj-core/3.21.0/assertj-core-3.21.0.jar:/home/paulo-fernandes/.m2/repository/org/hamcrest/hamcrest/2.2/hamcrest-2.2.jar:/home/paulo-fernandes/.m2/repository/org/junit/jupiter/junit-jupiter/5.8.1/junit-jupiter-5.8.1.jar:/home/paulo-fernandes/.m2/repository/org/junit/jupiter/junit-jupiter-api/5.8.1/junit-jupiter-api-5.8.1.jar:/home/paulo-fernandes/.m2/repository/org/opentest4j/opentest4j/1.2.0/opentest4j-1.2.0.jar:/home/paulo-fernandes/.m2/repository/org/junit/platform/junit-platform-commons/1.8.1/junit-platform-commons-1.8.1.jar:/home/paulo-fernandes/.m2/repository/org/apiguardian/apiguardian-api/1.1.2/apiguardian-api-1.1.2.jar:/home/paulo-fernandes/.m2/repository/org/junit/jupiter/junit-jupiter-params/5.8.1/junit-jupiter-params-5.8.1.jar:/home/paulo-fernandes/.m2/repository/org/junit/jupiter/junit-jupiter-engine/5.8.1/junit-jupiter-engine-5.8.1.jar:/home/paulo-fernandes/.m2/repository/org/junit/platform/junit-platform-engine/1.8.1/junit-platform-engine-1.8.1.jar:/home/paulo-fernandes/.m2/repository/org/mockito/mockito-core/4.0.0/mockito-core-4.0.0.jar:/home/paulo-fernandes/.m2/repository/net/bytebuddy/byte-buddy/1.11.22/byte-buddy-1.11.22.jar:/home/paulo-fernandes/.m2/repository/net/bytebuddy/byte-buddy-agent/1.11.22/byte-buddy-agent-1.11.22.jar:/home/paulo-fernandes/.m2/repository/org/objenesis/objenesis/3.2/objenesis-3.2.jar:/home/paulo-fernandes/.m2/repository/org/mockito/mockito-junit-jupiter/4.0.0/mockito-junit-jupiter-4.0.0.jar:/home/paulo-fernandes/.m2/repository/org/skyscreamer/jsonassert/1.5.0/jsonassert-1.5.0.jar:/home/paulo-fernandes/.m2/repository/com/vaadin/external/google/android-json/0.0.20131108.vaadin1/android-json-0.0.20131108.vaadin1.jar:/home/paulo-fernandes/.m2/repository/org/springframework/spring-core/5.3.13/spring-core-5.3.13.jar:/home/paulo-fernandes/.m2/repository/org/springframework/spring-jcl/5.3.13/spring-jcl-5.3.13.jar:/home/paulo-fernandes/.m2/repository/org/springframework/spring-test/5.3.13/spring-test-5.3.13.jar:/home/paulo-fernandes/.m2/repository/org/xmlunit/xmlunit-core/2.8.3/xmlunit-core-2.8.3.jar:/home/paulo-fernandes/.m2/repository/org/postgresql/postgresql/42.3.1/postgresql-42.3.1.jar:/home/paulo-fernandes/.m2/repository/org/checkerframework/checker-qual/3.5.0/checker-qual-3.5.0.jar:/home/paulo-fernandes/.m2/repository/org/springframework/boot/spring-boot-starter-security/2.6.1/spring-boot-starter-security-2.6.1.jar:/home/paulo-fernandes/.m2/repository/org/springframework/spring-aop/5.3.13/spring-aop-5.3.13.jar:/home/paulo-fernandes/.m2/repository/org/springframework/security/spring-security-config/5.6.0/spring-security-config-5.6.0.jar:/home/paulo-fernandes/.m2/repository/org/springframework/security/spring-security-core/5.6.0/spring-security-core-5.6.0.jar:/home/paulo-fernandes/.m2/repository/org/springframework/security/spring-security-crypto/5.6.0/spring-security-crypto-5.6.0.jar:/home/paulo-fernandes/.m2/repository/org/springframework/security/spring-security-web/5.6.0/spring-security-web-5.6.0.jar:/home/paulo-fernandes/.m2/repository/org/springframework/boot/spring-boot-starter-data-jpa/2.6.1/spring-boot-starter-data-jpa-2.6.1.jar:/home/paulo-fernandes/.m2/repository/org/springframework/boot/spring-boot-starter-aop/2.6.1/spring-boot-starter-aop-2.6.1.jar:/home/paulo-fernandes/.m2/repository/org/aspectj/aspectjweaver/1.9.7/aspectjweaver-1.9.7.jar:/home/paulo-fernandes/.m2/repository/org/springframework/boot/spring-boot-starter-jdbc/2.6.1/spring-boot-starter-jdbc-2.6.1.jar:/home/paulo-fernandes/.m2/repository/com/zaxxer/HikariCP/4.0.3/HikariCP-4.0.3.jar:/home/paulo-fernandes/.m2/repository/org/springframework/spring-jdbc/5.3.13/spring-jdbc-5.3.13.jar:/home/paulo-fernandes/.m2/repository/jakarta/transaction/jakarta.transaction-api/1.3.3/jakarta.transaction-api-1.3.3.jar:/home/paulo-fernandes/.m2/repository/jakarta/persistence/jakarta.persistence-api/2.2.3/jakarta.persistence-api-2.2.3.jar:/home/paulo-fernandes/.m2/repository/org/hibernate/hibernate-core/5.6.1.Final/hibernate-core-5.6.1.Final.jar:/home/paulo-fernandes/.m2/repository/antlr/antlr/2.7.7/antlr-2.7.7.jar:/home/paulo-fernandes/.m2/repository/org/jboss/jandex/2.2.3.Final/jandex-2.2.3.Final.jar:/home/paulo-fernandes/.m2/repository/org/hibernate/common/hibernate-commons-annotations/5.1.2.Final/hibernate-commons-annotations-5.1.2.Final.jar:/home/paulo-fernandes/.m2/repository/org/glassfish/jaxb/jaxb-runtime/2.3.5/jaxb-runtime-2.3.5.jar:/home/paulo-fernandes/.m2/repository/org/glassfish/jaxb/txw2/2.3.5/txw2-2.3.5.jar:/home/paulo-fernandes/.m2/repository/com/sun/istack/istack-commons-runtime/3.0.12/istack-commons-runtime-3.0.12.jar:/home/paulo-fernandes/.m2/repository/com/sun/activation/jakarta.activation/1.2.2/jakarta.activation-1.2.2.jar:/home/paulo-fernandes/.m2/repository/org/springframework/data/spring-data-jpa/2.6.0/spring-data-jpa-2.6.0.jar:/home/paulo-fernandes/.m2/repository/org/springframework/data/spring-data-commons/2.6.0/spring-data-commons-2.6.0.jar:/home/paulo-fernandes/.m2/repository/org/springframework/spring-orm/5.3.13/spring-orm-5.3.13.jar:/home/paulo-fernandes/.m2/repository/org/springframework/spring-tx/5.3.13/spring-tx-5.3.13.jar:/home/paulo-fernandes/.m2/repository/org/springframework/spring-aspects/5.3.13/spring-aspects-5.3.13.jar:/home/paulo-fernandes/.m2/repository/org/flywaydb/flyway-core/8.0.4/flyway-core-8.0.4.jar:/home/paulo-fernandes/.m2/repository/org/springframework/boot/spring-boot-starter-webflux/2.6.1/spring-boot-starter-webflux-2.6.1.jar:/home/paulo-fernandes/.m2/repository/org/springframework/boot/spring-boot-starter-reactor-netty/2.6.1/spring-boot-starter-reactor-netty-2.6.1.jar:/home/paulo-fernandes/.m2/repository/io/projectreactor/netty/reactor-netty-http/1.0.13/reactor-netty-http-1.0.13.jar:/home/paulo-fernandes/.m2/repository/io/netty/netty-codec-http/4.1.70.Final/netty-codec-http-4.1.70.Final.jar:/home/paulo-fernandes/.m2/repository/io/netty/netty-common/4.1.70.Final/netty-common-4.1.70.Final.jar:/home/paulo-fernandes/.m2/repository/io/netty/netty-buffer/4.1.70.Final/netty-buffer-4.1.70.Final.jar:/home/paulo-fernandes/.m2/repository/io/netty/netty-transport/4.1.70.Final/netty-transport-4.1.70.Final.jar:/home/paulo-fernandes/.m2/repository/io/netty/netty-codec/4.1.70.Final/netty-codec-4.1.70.Final.jar:/home/paulo-fernandes/.m2/repository/io/netty/netty-handler/4.1.70.Final/netty-handler-4.1.70.Final.jar:/home/paulo-fernandes/.m2/repository/io/netty/netty-codec-http2/4.1.70.Final/netty-codec-http2-4.1.70.Final.jar:/home/paulo-fernandes/.m2/repository/io/netty/netty-resolver-dns/4.1.70.Final/netty-resolver-dns-4.1.70.Final.jar:/home/paulo-fernandes/.m2/repository/io/netty/netty-resolver/4.1.70.Final/netty-resolver-4.1.70.Final.jar:/home/paulo-fernandes/.m2/repository/io/netty/netty-codec-dns/4.1.70.Final/netty-codec-dns-4.1.70.Final.jar:/home/paulo-fernandes/.m2/repository/io/netty/netty-resolver-dns-native-macos/4.1.70.Final/netty-resolver-dns-native-macos-4.1.70.Final-osx-x86_64.jar:/home/paulo-fernandes/.m2/repository/io/netty/netty-resolver-dns-classes-macos/4.1.70.Final/netty-resolver-dns-classes-macos-4.1.70.Final.jar:/home/paulo-fernandes/.m2/repository/io/netty/netty-transport-native-epoll/4.1.70.Final/netty-transport-native-epoll-4.1.70.Final-linux-x86_64.jar:/home/paulo-fernandes/.m2/repository/io/netty/netty-transport-native-unix-common/4.1.70.Final/netty-transport-native-unix-common-4.1.70.Final.jar:/home/paulo-fernandes/.m2/repository/io/netty/netty-transport-classes-epoll/4.1.70.Final/netty-transport-classes-epoll-4.1.70.Final.jar:/home/paulo-fernandes/.m2/repository/io/projectreactor/netty/reactor-netty-core/1.0.13/reactor-netty-core-1.0.13.jar:/home/paulo-fernandes/.m2/repository/io/netty/netty-handler-proxy/4.1.70.Final/netty-handler-proxy-4.1.70.Final.jar:/home/paulo-fernandes/.m2/repository/io/netty/netty-codec-socks/4.1.70.Final/netty-codec-socks-4.1.70.Final.jar:/home/paulo-fernandes/.m2/repository/org/springframework/spring-webflux/5.3.13/spring-webflux-5.3.13.jar:/home/paulo-fernandes/.m2/repository/io/projectreactor/reactor-core/3.4.12/reactor-core-3.4.12.jar:/home/paulo-fernandes/.m2/repository/org/reactivestreams/reactive-streams/1.0.3/reactive-streams-1.0.3.jar:/home/paulo-fernandes/.m2/repository/org/projectlombok/lombok/1.18.22/lombok-1.18.22.jar:"/>
    <property name="java.vm.vendor" value="Oracle Corporation"/>
    <property name="sun.arch.data.model" value="64"/>
    <property name="java.vendor.url" value="https://java.oracle.com/"/>
    <property name="user.country.format" value="BR"/>
    <property name="os.name" value="Linux"/>
    <property name="java.vm.specification.version" value="17"/>
    <property name="sun.java.launcher" value="SUN_STANDARD"/>
    <property name="user.country" value="US"/>
    <property name="sun.boot.library.path" value="/usr/lib/jvm/java-17-oracle/lib"/>
    <property name="sun.java.command" value="/home/paulo-fernandes/Documents/github/desafio-microservicos/stocks_api/target/surefire/surefirebooter7457649128373938703.jar /home/paulo-fernandes/Documents/github/desafio-microservicos/stocks_api/target/surefire 2022-02-03T18-02-42_541-jvmRun1 surefire7076325021752800270tmp surefire_09265813581011848133tmp"/>
    <property name="jdk.debug" value="release"/>
    <property name="surefire.test.class.path" value="/home/paulo-fernandes/Documents/github/desafio-microservicos/stocks_api/target/test-classes:/home/paulo-fernandes/Documents/github/desafio-microservicos/stocks_api/target/classes:/home/paulo-fernandes/.m2/repository/org/springframework/boot/spring-boot-starter-validation/2.6.1/spring-boot-starter-validation-2.6.1.jar:/home/paulo-fernandes/.m2/repository/org/springframework/boot/spring-boot-starter/2.6.1/spring-boot-starter-2.6.1.jar:/home/paulo-fernandes/.m2/repository/org/springframework/boot/spring-boot/2.6.1/spring-boot-2.6.1.jar:/home/paulo-fernandes/.m2/repository/org/springframework/boot/spring-boot-autoconfigure/2.6.1/spring-boot-autoconfigure-2.6.1.jar:/home/paulo-fernandes/.m2/repository/org/springframework/boot/spring-boot-starter-logging/2.6.1/spring-boot-starter-logging-2.6.1.jar:/home/paulo-fernandes/.m2/repository/ch/qos/logback/logback-classic/1.2.7/logback-classic-1.2.7.jar:/home/paulo-fernandes/.m2/repository/ch/qos/logback/logback-core/1.2.7/logback-core-1.2.7.jar:/home/paulo-fernandes/.m2/repository/org/apache/logging/log4j/log4j-to-slf4j/2.14.1/log4j-to-slf4j-2.14.1.jar:/home/paulo-fernandes/.m2/repository/org/apache/logging/log4j/log4j-api/2.14.1/log4j-api-2.14.1.jar:/home/paulo-fernandes/.m2/repository/org/slf4j/jul-to-slf4j/1.7.32/jul-to-slf4j-1.7.32.jar:/home/paulo-fernandes/.m2/repository/jakarta/annotation/jakarta.annotation-api/1.3.5/jakarta.annotation-api-1.3.5.jar:/home/paulo-fernandes/.m2/repository/org/yaml/snakeyaml/1.29/snakeyaml-1.29.jar:/home/paulo-fernandes/.m2/repository/org/apache/tomcat/embed/tomcat-embed-el/9.0.55/tomcat-embed-el-9.0.55.jar:/home/paulo-fernandes/.m2/repository/org/hibernate/validator/hibernate-validator/6.2.0.Final/hibernate-validator-6.2.0.Final.jar:/home/paulo-fernandes/.m2/repository/jakarta/validation/jakarta.validation-api/2.0.2/jakarta.validation-api-2.0.2.jar:/home/paulo-fernandes/.m2/repository/org/jboss/logging/jboss-logging/3.4.2.Final/jboss-logging-3.4.2.Final.jar:/home/paulo-fernandes/.m2/repository/com/fasterxml/classmate/1.5.1/classmate-1.5.1.jar:/home/paulo-fernandes/.m2/repository/org/springframework/boot/spring-boot-starter-web/2.6.1/spring-boot-starter-web-2.6.1.jar:/home/paulo-fernandes/.m2/repository/org/springframework/boot/spring-boot-starter-json/2.6.1/spring-boot-starter-json-2.6.1.jar:/home/paulo-fernandes/.m2/repository/com/fasterxml/jackson/core/jackson-databind/2.13.0/jackson-databind-2.13.0.jar:/home/paulo-fernandes/.m2/repository/com/fasterxml/jackson/core/jackson-annotations/2.13.0/jackson-annotations-2.13.0.jar:/home/paulo-fernandes/.m2/repository/com/fasterxml/jackson/core/jackson-core/2.13.0/jackson-core-2.13.0.jar:/home/paulo-fernandes/.m2/repository/com/fasterxml/jackson/datatype/jackson-datatype-jdk8/2.13.0/jackson-datatype-jdk8-2.13.0.jar:/home/paulo-fernandes/.m2/repository/com/fasterxml/jackson/datatype/jackson-datatype-jsr310/2.13.0/jackson-datatype-jsr310-2.13.0.jar:/home/paulo-fernandes/.m2/repository/com/fasterxml/jackson/module/jackson-module-parameter-names/2.13.0/jackson-module-parameter-names-2.13.0.jar:/home/paulo-fernandes/.m2/repository/org/springframework/boot/spring-boot-starter-tomcat/2.6.1/spring-boot-starter-tomcat-2.6.1.jar:/home/paulo-fernandes/.m2/repository/org/apache/tomcat/embed/tomcat-embed-core/9.0.55/tomcat-embed-core-9.0.55.jar:/home/paulo-fernandes/.m2/repository/org/apache/tomcat/embed/tomcat-embed-websocket/9.0.55/tomcat-embed-websocket-9.0.55.jar:/home/paulo-fernandes/.m2/repository/org/springframework/spring-web/5.3.13/spring-web-5.3.13.jar:/home/paulo-fernandes/.m2/repository/org/springframework/spring-beans/5.3.13/spring-beans-5.3.13.jar:/home/paulo-fernandes/.m2/repository/org/springframework/spring-webmvc/5.3.13/spring-webmvc-5.3.13.jar:/home/paulo-fernandes/.m2/repository/org/springframework/spring-context/5.3.13/spring-context-5.3.13.jar:/home/paulo-fernandes/.m2/repository/org/springframework/spring-expression/5.3.13/spring-expression-5.3.13.jar:/home/paulo-fernandes/.m2/repository/com/okta/spring/okta-spring-boot-starter/2.1.4/okta-spring-boot-starter-2.1.4.jar:/home/paulo-fernandes/.m2/repository/com/okta/spring/okta-spring-security-oauth2/2.1.4/okta-spring-security-oauth2-2.1.4.jar:/home/paulo-fernandes/.m2/repository/javax/validation/validation-api/2.0.1.Final/validation-api-2.0.1.Final.jar:/home/paulo-fernandes/.m2/repository/com/okta/commons/okta-config-check/1.3.0/okta-config-check-1.3.0.jar:/home/paulo-fernandes/.m2/repository/com/okta/commons/okta-commons-lang/1.3.0/okta-commons-lang-1.3.0.jar:/home/paulo-fernandes/.m2/repository/org/springframework/security/spring-security-oauth2-client/5.6.0/spring-security-oauth2-client-5.6.0.jar:/home/paulo-fernandes/.m2/repository/org/springframework/security/spring-security-oauth2-core/5.6.0/spring-security-oauth2-core-5.6.0.jar:/home/paulo-fernandes/.m2/repository/com/nimbusds/oauth2-oidc-sdk/9.19/oauth2-oidc-sdk-9.19.jar:/home/paulo-fernandes/.m2/repository/com/github/stephenc/jcip/jcip-annotations/1.0-1/jcip-annotations-1.0-1.jar:/home/paulo-fernandes/.m2/repository/com/nimbusds/content-type/2.1/content-type-2.1.jar:/home/paulo-fernandes/.m2/repository/com/nimbusds/lang-tag/1.5/lang-tag-1.5.jar:/home/paulo-fernandes/.m2/repository/org/springframework/security/spring-security-oauth2-jose/5.6.0/spring-security-oauth2-jose-5.6.0.jar:/home/paulo-fernandes/.m2/repository/com/nimbusds/nimbus-jose-jwt/9.14/nimbus-jose-jwt-9.14.jar:/home/paulo-fernandes/.m2/repository/org/springframework/security/spring-security-oauth2-resource-server/5.6.0/spring-security-oauth2-resource-server-5.6.0.jar:/home/paulo-fernandes/.m2/repository/com/okta/spring/okta-spring-sdk/2.1.4/okta-spring-sdk-2.1.4.jar:/home/paulo-fernandes/.m2/repository/org/springframework/boot/spring-boot-starter-test/2.6.1/spring-boot-starter-test-2.6.1.jar:/home/paulo-fernandes/.m2/repository/org/springframework/boot/spring-boot-test/2.6.1/spring-boot-test-2.6.1.jar:/home/paulo-fernandes/.m2/repository/org/springframework/boot/spring-boot-test-autoconfigure/2.6.1/spring-boot-test-autoconfigure-2.6.1.jar:/home/paulo-fernandes/.m2/repository/com/jayway/jsonpath/json-path/2.6.0/json-path-2.6.0.jar:/home/paulo-fernandes/.m2/repository/net/minidev/json-smart/2.4.7/json-smart-2.4.7.jar:/home/paulo-fernandes/.m2/repository/net/minidev/accessors-smart/2.4.7/accessors-smart-2.4.7.jar:/home/paulo-fernandes/.m2/repository/org/ow2/asm/asm/9.1/asm-9.1.jar:/home/paulo-fernandes/.m2/repository/org/slf4j/slf4j-api/1.7.32/slf4j-api-1.7.32.jar:/home/paulo-fernandes/.m2/repository/jakarta/xml/bind/jakarta.xml.bind-api/2.3.3/jakarta.xml.bind-api-2.3.3.jar:/home/paulo-fernandes/.m2/repository/jakarta/activation/jakarta.activation-api/1.2.2/jakarta.activation-api-1.2.2.jar:/home/paulo-fernandes/.m2/repository/org/assertj/assertj-core/3.21.0/assertj-core-3.21.0.jar:/home/paulo-fernandes/.m2/repository/org/hamcrest/hamcrest/2.2/hamcrest-2.2.jar:/home/paulo-fernandes/.m2/repository/org/junit/jupiter/junit-jupiter/5.8.1/junit-jupiter-5.8.1.jar:/home/paulo-fernandes/.m2/repository/org/junit/jupiter/junit-jupiter-api/5.8.1/junit-jupiter-api-5.8.1.jar:/home/paulo-fernandes/.m2/repository/org/opentest4j/opentest4j/1.2.0/opentest4j-1.2.0.jar:/home/paulo-fernandes/.m2/repository/org/junit/platform/junit-platform-commons/1.8.1/junit-platform-commons-1.8.1.jar:/home/paulo-fernandes/.m2/repository/org/apiguardian/apiguardian-api/1.1.2/apiguardian-api-1.1.2.jar:/home/paulo-fernandes/.m2/repository/org/junit/jupiter/junit-jupiter-params/5.8.1/junit-jupiter-params-5.8.1.jar:/home/paulo-fernandes/.m2/repository/org/junit/jupiter/junit-jupiter-engine/5.8.1/junit-jupiter-engine-5.8.1.jar:/home/paulo-fernandes/.m2/repository/org/junit/platform/junit-platform-engine/1.8.1/junit-platform-engine-1.8.1.jar:/home/paulo-fernandes/.m2/repository/org/mockito/mockito-core/4.0.0/mockito-core-4.0.0.jar:/home/paulo-fernandes/.m2/repository/net/bytebuddy/byte-buddy/1.11.22/byte-buddy-1.11.22.jar:/home/paulo-fernandes/.m2/repository/net/bytebuddy/byte-buddy-agent/1.11.22/byte-buddy-agent-1.11.22.jar:/home/paulo-fernandes/.m2/repository/org/objenesis/objenesis/3.2/objenesis-3.2.jar:/home/paulo-fernandes/.m2/repository/org/mockito/mockito-junit-jupiter/4.0.0/mockito-junit-jupiter-4.0.0.jar:/home/paulo-fernandes/.m2/repository/org/skyscreamer/jsonassert/1.5.0/jsonassert-1.5.0.jar:/home/paulo-fernandes/.m2/repository/com/vaadin/external/google/android-json/0.0.20131108.vaadin1/android-json-0.0.20131108.vaadin1.jar:/home/paulo-fernandes/.m2/repository/org/springframework/spring-core/5.3.13/spring-core-5.3.13.jar:/home/paulo-fernandes/.m2/repository/org/springframework/spring-jcl/5.3.13/spring-jcl-5.3.13.jar:/home/paulo-fernandes/.m2/repository/org/springframework/spring-test/5.3.13/spring-test-5.3.13.jar:/home/paulo-fernandes/.m2/repository/org/xmlunit/xmlunit-core/2.8.3/xmlunit-core-2.8.3.jar:/home/paulo-fernandes/.m2/repository/org/postgresql/postgresql/42.3.1/postgresql-42.3.1.jar:/home/paulo-fernandes/.m2/repository/org/checkerframework/checker-qual/3.5.0/checker-qual-3.5.0.jar:/home/paulo-fernandes/.m2/repository/org/springframework/boot/spring-boot-starter-security/2.6.1/spring-boot-starter-security-2.6.1.jar:/home/paulo-fernandes/.m2/repository/org/springframework/spring-aop/5.3.13/spring-aop-5.3.13.jar:/home/paulo-fernandes/.m2/repository/org/springframework/security/spring-security-config/5.6.0/spring-security-config-5.6.0.jar:/home/paulo-fernandes/.m2/repository/org/springframework/security/spring-security-core/5.6.0/spring-security-core-5.6.0.jar:/home/paulo-fernandes/.m2/repository/org/springframework/security/spring-security-crypto/5.6.0/spring-security-crypto-5.6.0.jar:/home/paulo-fernandes/.m2/repository/org/springframework/security/spring-security-web/5.6.0/spring-security-web-5.6.0.jar:/home/paulo-fernandes/.m2/repository/org/springframework/boot/spring-boot-starter-data-jpa/2.6.1/spring-boot-starter-data-jpa-2.6.1.jar:/home/paulo-fernandes/.m2/repository/org/springframework/boot/spring-boot-starter-aop/2.6.1/spring-boot-starter-aop-2.6.1.jar:/home/paulo-fernandes/.m2/repository/org/aspectj/aspectjweaver/1.9.7/aspectjweaver-1.9.7.jar:/home/paulo-fernandes/.m2/repository/org/springframework/boot/spring-boot-starter-jdbc/2.6.1/spring-boot-starter-jdbc-2.6.1.jar:/home/paulo-fernandes/.m2/repository/com/zaxxer/HikariCP/4.0.3/HikariCP-4.0.3.jar:/home/paulo-fernandes/.m2/repository/org/springframework/spring-jdbc/5.3.13/spring-jdbc-5.3.13.jar:/home/paulo-fernandes/.m2/repository/jakarta/transaction/jakarta.transaction-api/1.3.3/jakarta.transaction-api-1.3.3.jar:/home/paulo-fernandes/.m2/repository/jakarta/persistence/jakarta.persistence-api/2.2.3/jakarta.persistence-api-2.2.3.jar:/home/paulo-fernandes/.m2/repository/org/hibernate/hibernate-core/5.6.1.Final/hibernate-core-5.6.1.Final.jar:/home/paulo-fernandes/.m2/repository/antlr/antlr/2.7.7/antlr-2.7.7.jar:/home/paulo-fernandes/.m2/repository/org/jboss/jandex/2.2.3.Final/jandex-2.2.3.Final.jar:/home/paulo-fernandes/.m2/repository/org/hibernate/common/hibernate-commons-annotations/5.1.2.Final/hibernate-commons-annotations-5.1.2.Final.jar:/home/paulo-fernandes/.m2/repository/org/glassfish/jaxb/jaxb-runtime/2.3.5/jaxb-runtime-2.3.5.jar:/home/paulo-fernandes/.m2/repository/org/glassfish/jaxb/txw2/2.3.5/txw2-2.3.5.jar:/home/paulo-fernandes/.m2/repository/com/sun/istack/istack-commons-runtime/3.0.12/istack-commons-runtime-3.0.12.jar:/home/paulo-fernandes/.m2/repository/com/sun/activation/jakarta.activation/1.2.2/jakarta.activation-1.2.2.jar:/home/paulo-fernandes/.m2/repository/org/springframework/data/spring-data-jpa/2.6.0/spring-data-jpa-2.6.0.jar:/home/paulo-fernandes/.m2/repository/org/springframework/data/spring-data-commons/2.6.0/spring-data-commons-2.6.0.jar:/home/paulo-fernandes/.m2/repository/org/springframework/spring-orm/5.3.13/spring-orm-5.3.13.jar:/home/paulo-fernandes/.m2/repository/org/springframework/spring-tx/5.3.13/spring-tx-5.3.13.jar:/home/paulo-fernandes/.m2/repository/org/springframework/spring-aspects/5.3.13/spring-aspects-5.3.13.jar:/home/paulo-fernandes/.m2/repository/org/flywaydb/flyway-core/8.0.4/flyway-core-8.0.4.jar:/home/paulo-fernandes/.m2/repository/org/springframework/boot/spring-boot-starter-webflux/2.6.1/spring-boot-starter-webflux-2.6.1.jar:/home/paulo-fernandes/.m2/repository/org/springframework/boot/spring-boot-starter-reactor-netty/2.6.1/spring-boot-starter-reactor-netty-2.6.1.jar:/home/paulo-fernandes/.m2/repository/io/projectreactor/netty/reactor-netty-http/1.0.13/reactor-netty-http-1.0.13.jar:/home/paulo-fernandes/.m2/repository/io/netty/netty-codec-http/4.1.70.Final/netty-codec-http-4.1.70.Final.jar:/home/paulo-fernandes/.m2/repository/io/netty/netty-common/4.1.70.Final/netty-common-4.1.70.Final.jar:/home/paulo-fernandes/.m2/repository/io/netty/netty-buffer/4.1.70.Final/netty-buffer-4.1.70.Final.jar:/home/paulo-fernandes/.m2/repository/io/netty/netty-transport/4.1.70.Final/netty-transport-4.1.70.Final.jar:/home/paulo-fernandes/.m2/repository/io/netty/netty-codec/4.1.70.Final/netty-codec-4.1.70.Final.jar:/home/paulo-fernandes/.m2/repository/io/netty/netty-handler/4.1.70.Final/netty-handler-4.1.70.Final.jar:/home/paulo-fernandes/.m2/repository/io/netty/netty-codec-http2/4.1.70.Final/netty-codec-http2-4.1.70.Final.jar:/home/paulo-fernandes/.m2/repository/io/netty/netty-resolver-dns/4.1.70.Final/netty-resolver-dns-4.1.70.Final.jar:/home/paulo-fernandes/.m2/repository/io/netty/netty-resolver/4.1.70.Final/netty-resolver-4.1.70.Final.jar:/home/paulo-fernandes/.m2/repository/io/netty/netty-codec-dns/4.1.70.Final/netty-codec-dns-4.1.70.Final.jar:/home/paulo-fernandes/.m2/repository/io/netty/netty-resolver-dns-native-macos/4.1.70.Final/netty-resolver-dns-native-macos-4.1.70.Final-osx-x86_64.jar:/home/paulo-fernandes/.m2/repository/io/netty/netty-resolver-dns-classes-macos/4.1.70.Final/netty-resolver-dns-classes-macos-4.1.70.Final.jar:/home/paulo-fernandes/.m2/repository/io/netty/netty-transport-native-epoll/4.1.70.Final/netty-transport-native-epoll-4.1.70.Final-linux-x86_64.jar:/home/paulo-fernandes/.m2/repository/io/netty/netty-transport-native-unix-common/4.1.70.Final/netty-transport-native-unix-common-4.1.70.Final.jar:/home/paulo-fernandes/.m2/repository/io/netty/netty-transport-classes-epoll/4.1.70.Final/netty-transport-classes-epoll-4.1.70.Final.jar:/home/paulo-fernandes/.m2/repository/io/projectreactor/netty/reactor-netty-core/1.0.13/reactor-netty-core-1.0.13.jar:/home/paulo-fernandes/.m2/repository/io/netty/netty-handler-proxy/4.1.70.Final/netty-handler-proxy-4.1.70.Final.jar:/home/paulo-fernandes/.m2/repository/io/netty/netty-codec-socks/4.1.70.Final/netty-codec-socks-4.1.70.Final.jar:/home/paulo-fernandes/.m2/repository/org/springframework/spring-webflux/5.3.13/spring-webflux-5.3.13.jar:/home/paulo-fernandes/.m2/repository/io/projectreactor/reactor-core/3.4.12/reactor-core-3.4.12.jar:/home/paulo-fernandes/.m2/repository/org/reactivestreams/reactive-streams/1.0.3/reactive-streams-1.0.3.jar:/home/paulo-fernandes/.m2/repository/org/projectlombok/lombok/1.18.22/lombok-1.18.22.jar:"/>
    <property name="sun.cpu.endian" value="little"/>
    <property name="user.home" value="/home/paulo-fernandes"/>
    <property name="user.language" value="en"/>
    <property name="java.specification.vendor" value="Oracle Corporation"/>
    <property name="java.version.date" value="2021-10-19"/>
    <property name="java.home" value="/usr/lib/jvm/java-17-oracle"/>
    <property name="file.separator" value="/"/>
    <property name="basedir" value="/home/paulo-fernandes/Documents/github/desafio-microservicos/stocks_api"/>
    <property name="java.vm.compressedOopsMode" value="Zero based"/>
    <property name="line.separator" value="&#10;"/>
    <property name="java.specification.name" value="Java Platform API Specification"/>
    <property name="java.vm.specification.vendor" value="Oracle Corporation"/>
    <property name="surefire.real.class.path" value="/home/paulo-fernandes/Documents/github/desafio-microservicos/stocks_api/target/surefire/surefirebooter7457649128373938703.jar"/>
    <property name="sun.management.compiler" value="HotSpot 64-Bit Tiered Compilers"/>
    <property name="java.runtime.version" value="17.0.1+12-LTS-39"/>
    <property name="user.name" value="paulo-fernandes"/>
    <property name="path.separator" value=":"/>
    <property name="os.version" value="5.13.0-1028-oem"/>
    <property name="java.runtime.name" value="Java(TM) SE Runtime Environment"/>
    <property name="file.encoding" value="UTF-8"/>
    <property name="java.vm.name" value="Java HotSpot(TM) 64-Bit Server VM"/>
    <property name="localRepository" value="/home/paulo-fernandes/.m2/repository"/>
    <property name="java.vendor.url.bug" value="https://bugreport.java.com/bugreport/"/>
    <property name="java.io.tmpdir" value="/tmp"/>
    <property name="idea.version" value="2021.3.1"/>
    <property name="java.version" value="17.0.1"/>
    <property name="user.dir" value="/home/paulo-fernandes/Documents/github/desafio-microservicos/stocks_api"/>
    <property name="os.arch" value="amd64"/>
    <property name="java.vm.specification.name" value="Java Virtual Machine Specification"/>
    <property name="user.language.format" value="pt"/>
    <property name="native.encoding" value="UTF-8"/>
    <property name="java.library.path" value="/usr/java/packages/lib:/usr/lib64:/lib64:/lib:/usr/lib"/>
    <property name="java.vm.info" value="mixed mode, sharing"/>
    <property name="java.vendor" value="Oracle Corporation"/>
    <property name="java.vm.version" value="17.0.1+12-LTS-39"/>
    <property name="sun.io.unicode.encoding" value="UnicodeLittle"/>
    <property name="java.class.version" value="61.0"/>
  </properties>
  <testcase name="contextLoads" classname="com.example.sample.ApplicationTests" time="0.015"/>
</testsuite>